<?xml version="1.0" encoding="UTF-8"?>
<testng-results ignored="0" total="1" passed="1" failed="0" skipped="0">
  <reporter-output>
  </reporter-output>
  <suite started-at="2022-04-28T15:15:27 IST" name="Default suite" finished-at="2022-04-28T15:16:06 IST" duration-ms="39200">
    <groups>
    </groups>
    <test started-at="2022-04-28T15:15:27 IST" name="Default test" finished-at="2022-04-28T15:16:06 IST" duration-ms="39200">
      <class name="TestNG.NewTest">
        <test-method signature="f()[pri:0, instance:TestNG.NewTest@2e55dd0c]" started-at="2022-04-28T15:15:27 IST" name="f" finished-at="2022-04-28T15:16:06 IST" duration-ms="39100" status="PASS">
          <reporter-output>
          </reporter-output>
        </test-method> <!-- f -->
      </class> <!-- TestNG.NewTest -->
    </test> <!-- Default test -->
  </suite> <!-- Default suite -->
</testng-results>
